# JRE version: Java(TM) SE Runtime Environment (8.0_112-b15) (build 1.8.0_112-b15)
# Java VM: Java HotSpot(TM) 64-Bit Server VM (25.112-b15 mixed mode linux-amd64 compressed oops)
Heap:
 PSYoungGen      total 324608K, used 11247K [0x000000076d180000, 0x0000000782e80000, 0x00000007c0000000)
  eden space 313344K, 0% used [0x000000076d180000,0x000000076d180000,0x0000000780380000)
  from space 11264K, 99% used [0x0000000781880000,0x000000078237be48,0x0000000782380000)
  to   space 10240K, 0% used [0x0000000782480000,0x0000000782480000,0x0000000782e80000)
 ParOldGen       total 140800K, used 20496K [0x00000006c7400000, 0x00000006cfd80000, 0x000000076d180000)
  object space 140800K, 14% used [0x00000006c7400000,0x00000006c88042d8,0x00000006cfd80000)
 Metaspace       used 48837K, capacity 49506K, committed 49792K, reserved 1093632K
  class space    used 6068K, capacity 6238K, committed 6272K, reserved 1048576K
GC Heap History (10 events):
Event: 3,746 GC heap after
Heap after GC invocations=6 (full 1):
 PSYoungGen      total 139264K, used 6268K [0x000000076d180000, 0x000000077a800000, 0x00000007c0000000)
  eden space 129024K, 0% used [0x000000076d180000,0x000000076d180000,0x0000000774f80000)
  from space 10240K, 61% used [0x0000000774f80000,0x000000077559f090,0x0000000775980000)
  to   space 9216K, 0% used [0x0000000779f00000,0x0000000779f00000,0x000000077a800000)
 ParOldGen       total 99328K, used 7934K [0x00000006c7400000, 0x00000006cd500000, 0x000000076d180000)
  object space 99328K, 7% used [0x00000006c7400000,0x00000006c7bbf858,0x00000006cd500000)
 Metaspace       used 25855K, capacity 26242K, committed 26624K, reserved 1073152K
  class space    used 3109K, capacity 3220K, committed 3328K, reserved 1048576K
}
Event: 4,837 GC heap before
{Heap before GC invocations=7 (full 1):
 PSYoungGen      total 139264K, used 135292K [0x000000076d180000, 0x000000077a800000, 0x00000007c0000000)
  eden space 129024K, 100% used [0x000000076d180000,0x0000000774f80000,0x0000000774f80000)
  from space 10240K, 61% used [0x0000000774f80000,0x000000077559f090,0x0000000775980000)
  to   space 9216K, 0% used [0x0000000779f00000,0x0000000779f00000,0x000000077a800000)
 ParOldGen       total 99328K, used 7934K [0x00000006c7400000, 0x00000006cd500000, 0x000000076d180000)
  object space 99328K, 7% used [0x00000006c7400000,0x00000006c7bbf858,0x00000006cd500000)
 Metaspace       used 32832K, capacity 33212K, committed 33536K, reserved 1079296K
  class space    used 4151K, capacity 4261K, committed 4352K, reserved 1048576K
Event: 4,851 GC heap after
Heap after GC invocations=7 (full 1):
 PSYoungGen      total 208384K, used 8882K [0x000000076d180000, 0x000000077a800000, 0x00000007c0000000)
  eden space 199168K, 0% used [0x000000076d180000,0x000000076d180000,0x0000000779400000)
  from space 9216K, 96% used [0x0000000779f00000,0x000000077a7aca40,0x000000077a800000)
  to   space 10240K, 0% used [0x0000000779400000,0x0000000779400000,0x0000000779e00000)
 ParOldGen       total 99328K, used 7942K [0x00000006c7400000, 0x00000006cd500000, 0x000000076d180000)
  object space 99328K, 7% used [0x00000006c7400000,0x00000006c7bc1858,0x00000006cd500000)
 Metaspace       used 32832K, capacity 33212K, committed 33536K, reserved 1079296K
  class space    used 4151K, capacity 4261K, committed 4352K, reserved 1048576K
}
Event: 5,331 GC heap before
{Heap before GC invocations=8 (full 1):
 PSYoungGen      total 208384K, used 59835K [0x000000076d180000, 0x000000077a800000, 0x00000007c0000000)
  eden space 199168K, 25% used [0x000000076d180000,0x0000000770342228,0x0000000779400000)
  from space 9216K, 96% used [0x0000000779f00000,0x000000077a7aca40,0x000000077a800000)
  to   space 10240K, 0% used [0x0000000779400000,0x0000000779400000,0x0000000779e00000)
 ParOldGen       total 99328K, used 7942K [0x00000006c7400000, 0x00000006cd500000, 0x000000076d180000)
  object space 99328K, 7% used [0x00000006c7400000,0x00000006c7bc1858,0x00000006cd500000)
 Metaspace       used 34813K, capacity 35202K, committed 35496K, reserved 1081344K
  class space    used 4420K, capacity 4518K, committed 4608K, reserved 1048576K
Event: 5,367 GC heap after
Heap after GC invocations=8 (full 1):
 PSYoungGen      total 209408K, used 6042K [0x000000076d180000, 0x0000000782e80000, 0x00000007c0000000)
  eden space 199168K, 0% used [0x000000076d180000,0x000000076d180000,0x0000000779400000)
  from space 10240K, 59% used [0x0000000779400000,0x00000007799e69c0,0x0000000779e00000)
  to   space 10240K, 0% used [0x0000000782480000,0x0000000782480000,0x0000000782e80000)
 ParOldGen       total 99328K, used 7950K [0x00000006c7400000, 0x00000006cd500000, 0x000000076d180000)
  object space 99328K, 8% used [0x00000006c7400000,0x00000006c7bc3858,0x00000006cd500000)
 Metaspace       used 34813K, capacity 35202K, committed 35496K, reserved 1081344K
  class space    used 4420K, capacity 4518K, committed 4608K, reserved 1048576K
}
Event: 5,368 GC heap before
{Heap before GC invocations=9 (full 2):
 PSYoungGen      total 209408K, used 6042K [0x000000076d180000, 0x0000000782e80000, 0x00000007c0000000)
  eden space 199168K, 0% used [0x000000076d180000,0x000000076d180000,0x0000000779400000)
  from space 10240K, 59% used [0x0000000779400000,0x00000007799e69c0,0x0000000779e00000)
  to   space 10240K, 0% used [0x0000000782480000,0x0000000782480000,0x0000000782e80000)
 ParOldGen       total 99328K, used 7950K [0x00000006c7400000, 0x00000006cd500000, 0x000000076d180000)
  object space 99328K, 8% used [0x00000006c7400000,0x00000006c7bc3858,0x00000006cd500000)
 Metaspace       used 34813K, capacity 35202K, committed 35496K, reserved 1081344K
  class space    used 4420K, capacity 4518K, committed 4608K, reserved 1048576K
Event: 5,431 GC heap after
Heap after GC invocations=9 (full 2):
 PSYoungGen      total 209408K, used 0K [0x000000076d180000, 0x0000000782e80000, 0x00000007c0000000)
  eden space 199168K, 0% used [0x000000076d180000,0x000000076d180000,0x0000000779400000)
  from space 10240K, 0% used [0x0000000779400000,0x0000000779400000,0x0000000779e00000)
  to   space 10240K, 0% used [0x0000000782480000,0x0000000782480000,0x0000000782e80000)
 ParOldGen       total 140800K, used 12864K [0x00000006c7400000, 0x00000006cfd80000, 0x000000076d180000)
  object space 140800K, 9% used [0x00000006c7400000,0x00000006c80900b8,0x00000006cfd80000)
 Metaspace       used 34813K, capacity 35202K, committed 35496K, reserved 1081344K
  class space    used 4420K, capacity 4518K, committed 4608K, reserved 1048576K
}
Event: 8,014 GC heap before
{Heap before GC invocations=10 (full 2):
 PSYoungGen      total 209408K, used 199168K [0x000000076d180000, 0x0000000782e80000, 0x00000007c0000000)
  eden space 199168K, 100% used [0x000000076d180000,0x0000000779400000,0x0000000779400000)
  from space 10240K, 0% used [0x0000000779400000,0x0000000779400000,0x0000000779e00000)
  to   space 10240K, 0% used [0x0000000782480000,0x0000000782480000,0x0000000782e80000)
 ParOldGen       total 140800K, used 12864K [0x00000006c7400000, 0x00000006cfd80000, 0x000000076d180000)
  object space 140800K, 9% used [0x00000006c7400000,0x00000006c80900b8,0x00000006cfd80000)
 Metaspace       used 42274K, capacity 42808K, committed 43264K, reserved 1087488K
  class space    used 5372K, capacity 5515K, committed 5632K, reserved 1048576K
Event: 8,055 GC heap after
Heap after GC invocations=10 (full 2):
 PSYoungGen      total 323584K, used 10221K [0x000000076d180000, 0x0000000782e80000, 0x00000007c0000000)
  eden space 313344K, 0% used [0x000000076d180000,0x000000076d180000,0x0000000780380000)
  from space 10240K, 99% used [0x0000000782480000,0x0000000782e7b728,0x0000000782e80000)
  to   space 11264K, 0% used [0x0000000781880000,0x0000000781880000,0x0000000782380000)
 ParOldGen       total 140800K, used 13343K [0x00000006c7400000, 0x00000006cfd80000, 0x000000076d180000)
  object space 140800K, 9% used [0x00000006c7400000,0x00000006c8107da8,0x00000006cfd80000)
 Metaspace       used 42274K, capacity 42808K, committed 43264K, reserved 1087488K
  class space    used 5372K, capacity 5515K, committed 5632K, reserved 1048576K
}
Event: 11,876 GC heap before
{Heap before GC invocations=11 (full 2):
 PSYoungGen      total 323584K, used 323565K [0x000000076d180000, 0x0000000782e80000, 0x00000007c0000000)
  eden space 313344K, 100% used [0x000000076d180000,0x0000000780380000,0x0000000780380000)
  from space 10240K, 99% used [0x0000000782480000,0x0000000782e7b728,0x0000000782e80000)
  to   space 11264K, 0% used [0x0000000781880000,0x0000000781880000,0x0000000782380000)
 ParOldGen       total 140800K, used 13343K [0x00000006c7400000, 0x00000006cfd80000, 0x000000076d180000)
  object space 140800K, 9% used [0x00000006c7400000,0x00000006c8107da8,0x00000006cfd80000)
 Metaspace       used 48837K, capacity 49506K, committed 49792K, reserved 1093632K
  class space    used 6068K, capacity 6238K, committed 6272K, reserved 1048576K

